2016-11-30 17:50:28,703 INFO  c.c.d.collector.CollectorTask - -----------------------------------
2016-11-30 17:50:28,715 INFO  c.c.d.collector.CollectorTask - server1
2016-11-30 17:50:28,715 INFO  c.c.d.collector.CollectorTask - -----------------------------------
2016-11-30 17:50:28,720 INFO  c.c.d.collector.CollectorTask - Fetched jobs                     0s
2016-11-30 17:50:28,741 INFO  c.c.d.collector.CollectorTask - New jobs                0        0s
2016-11-30 17:50:28,742 INFO  c.c.d.collector.CollectorTask - New builds              0        0s
2016-11-30 17:50:28,742 INFO  c.c.d.collector.CollectorTask - Finished                         0s
2016-11-30 17:50:28,767 INFO  c.c.d.collector.CollectorTask - -----------------------------------
2016-11-30 17:50:28,768 INFO  c.c.d.collector.CollectorTask - server1
2016-11-30 17:50:28,768 INFO  c.c.d.collector.CollectorTask - -----------------------------------
2016-11-30 17:50:28,769 INFO  c.c.d.collector.CollectorTask - Fetched jobs                     0s
2016-11-30 17:50:28,769 INFO  c.c.d.collector.CollectorTask - New jobs                1        0s
2016-11-30 17:50:28,769 INFO  c.c.d.collector.CollectorTask - New builds              0        0s
2016-11-30 17:50:28,769 INFO  c.c.d.collector.CollectorTask - Finished                         0s
2016-11-30 17:50:28,781 INFO  c.c.d.collector.CollectorTask - -----------------------------------
2016-11-30 17:50:28,781 INFO  c.c.d.collector.CollectorTask - server1
2016-11-30 17:50:28,781 INFO  c.c.d.collector.CollectorTask - -----------------------------------
2016-11-30 17:50:28,781 INFO  c.c.d.collector.CollectorTask - Fetched jobs                     0s
2016-11-30 17:50:28,782 INFO  c.c.d.collector.CollectorTask - New jobs                0        0s
2016-11-30 17:50:28,782 INFO  c.c.d.collector.CollectorTask - New builds              0        0s
2016-11-30 17:50:28,782 INFO  c.c.d.collector.CollectorTask - Finished                         0s
2016-11-30 17:50:28,791 INFO  c.c.d.collector.CollectorTask - -----------------------------------
2016-11-30 17:50:28,797 INFO  c.c.d.collector.CollectorTask - server1
2016-11-30 17:50:28,797 INFO  c.c.d.collector.CollectorTask - -----------------------------------
2016-11-30 17:50:28,798 INFO  c.c.d.collector.CollectorTask - Fetched jobs                     0s
2016-11-30 17:50:28,800 INFO  c.c.d.collector.CollectorTask - New jobs                1        0s
2016-11-30 17:50:28,800 INFO  c.c.d.collector.CollectorTask - New builds              0        0s
2016-11-30 17:50:28,801 INFO  c.c.d.collector.CollectorTask - Finished                         0s
2016-11-30 17:50:28,809 INFO  c.c.d.collector.CollectorTask - -----------------------------------
2016-11-30 17:50:28,817 INFO  c.c.d.collector.CollectorTask - server1
2016-11-30 17:50:28,817 INFO  c.c.d.collector.CollectorTask - -----------------------------------
2016-11-30 17:50:28,817 INFO  c.c.d.collector.CollectorTask - Fetched jobs                     0s
2016-11-30 17:50:28,818 INFO  c.c.d.collector.CollectorTask - New jobs                2        0s
2016-11-30 17:50:28,819 INFO  c.c.d.collector.CollectorTask - New builds              0        0s
2016-11-30 17:50:28,819 INFO  c.c.d.collector.CollectorTask - Finished                         0s
2016-11-30 17:50:28,824 INFO  c.c.d.collector.CollectorTask - -----------------------------------
2016-11-30 17:50:28,824 INFO  c.c.d.collector.CollectorTask - server1
2016-11-30 17:50:28,824 INFO  c.c.d.collector.CollectorTask - -----------------------------------
2016-11-30 17:50:28,825 INFO  c.c.d.collector.CollectorTask - Fetched jobs                     0s
2016-11-30 17:50:28,825 INFO  c.c.d.collector.CollectorTask - New jobs                1        0s
2016-11-30 17:50:28,829 INFO  c.c.d.collector.CollectorTask - New builds              0        0s
2016-11-30 17:50:28,829 INFO  c.c.d.collector.CollectorTask - Finished                         0s
2016-11-30 17:50:28,833 INFO  c.c.d.collector.CollectorTask - -----------------------------------
2016-11-30 17:50:28,834 INFO  c.c.d.collector.CollectorTask - server1
2016-11-30 17:50:28,835 INFO  c.c.d.collector.CollectorTask - -----------------------------------
2016-11-30 17:50:28,839 INFO  c.c.d.collector.CollectorTask - Fetched jobs                     0s
2016-11-30 17:50:28,840 INFO  c.c.d.collector.CollectorTask - New jobs                1        0s
2016-11-30 17:50:28,841 INFO  c.c.d.collector.CollectorTask - New builds              1        0s
2016-11-30 17:50:28,841 INFO  c.c.d.collector.CollectorTask - Finished                         0s
2016-11-30 17:50:28,848 INFO  c.c.d.collector.CollectorTask - -----------------------------------
2016-11-30 17:50:28,849 INFO  c.c.d.collector.CollectorTask - server1
2016-11-30 17:50:28,849 INFO  c.c.d.collector.CollectorTask - -----------------------------------
2016-11-30 17:50:28,850 INFO  c.c.d.collector.CollectorTask - Fetched jobs                     0s
2016-11-30 17:50:28,851 INFO  c.c.d.collector.CollectorTask - New jobs                0        0s
2016-11-30 17:50:28,851 INFO  c.c.d.collector.CollectorTask - New builds              0        0s
2016-11-30 17:50:28,851 INFO  c.c.d.collector.CollectorTask - Finished                         0s
2016-11-30 17:51:16,193 INFO  c.c.d.collector.CollectorTask - -----------------------------------
2016-11-30 17:51:16,203 INFO  c.c.d.collector.CollectorTask - server1
2016-11-30 17:51:16,204 INFO  c.c.d.collector.CollectorTask - -----------------------------------
2016-11-30 17:51:16,206 INFO  c.c.d.collector.CollectorTask - Fetched jobs                     0s
2016-11-30 17:51:16,222 INFO  c.c.d.collector.CollectorTask - New jobs                0        0s
2016-11-30 17:51:16,223 INFO  c.c.d.collector.CollectorTask - New builds              0        0s
2016-11-30 17:51:16,223 INFO  c.c.d.collector.CollectorTask - Finished                         0s
2016-11-30 17:51:16,246 INFO  c.c.d.collector.CollectorTask - -----------------------------------
2016-11-30 17:51:16,247 INFO  c.c.d.collector.CollectorTask - server1
2016-11-30 17:51:16,247 INFO  c.c.d.collector.CollectorTask - -----------------------------------
2016-11-30 17:51:16,247 INFO  c.c.d.collector.CollectorTask - Fetched jobs                     0s
2016-11-30 17:51:16,248 INFO  c.c.d.collector.CollectorTask - New jobs                1        0s
2016-11-30 17:51:16,248 INFO  c.c.d.collector.CollectorTask - New builds              0        0s
2016-11-30 17:51:16,249 INFO  c.c.d.collector.CollectorTask - Finished                         0s
2016-11-30 17:51:16,344 INFO  c.c.d.collector.CollectorTask - -----------------------------------
2016-11-30 17:51:16,345 INFO  c.c.d.collector.CollectorTask - server1
2016-11-30 17:51:16,345 INFO  c.c.d.collector.CollectorTask - -----------------------------------
2016-11-30 17:51:16,345 INFO  c.c.d.collector.CollectorTask - Fetched jobs                     0s
2016-11-30 17:51:16,346 INFO  c.c.d.collector.CollectorTask - New jobs                0        0s
2016-11-30 17:51:16,347 INFO  c.c.d.collector.CollectorTask - New builds              0        0s
2016-11-30 17:51:16,347 INFO  c.c.d.collector.CollectorTask - Finished                         0s
2016-11-30 17:51:16,356 INFO  c.c.d.collector.CollectorTask - -----------------------------------
2016-11-30 17:51:16,358 INFO  c.c.d.collector.CollectorTask - server1
2016-11-30 17:51:16,367 INFO  c.c.d.collector.CollectorTask - -----------------------------------
2016-11-30 17:51:16,368 INFO  c.c.d.collector.CollectorTask - Fetched jobs                     0s
2016-11-30 17:51:16,368 INFO  c.c.d.collector.CollectorTask - New jobs                1        0s
2016-11-30 17:51:16,368 INFO  c.c.d.collector.CollectorTask - New builds              0        0s
2016-11-30 17:51:16,369 INFO  c.c.d.collector.CollectorTask - Finished                         0s
2016-11-30 17:51:16,376 INFO  c.c.d.collector.CollectorTask - -----------------------------------
2016-11-30 17:51:16,376 INFO  c.c.d.collector.CollectorTask - server1
2016-11-30 17:51:16,377 INFO  c.c.d.collector.CollectorTask - -----------------------------------
2016-11-30 17:51:16,377 INFO  c.c.d.collector.CollectorTask - Fetched jobs                     0s
2016-11-30 17:51:16,378 INFO  c.c.d.collector.CollectorTask - New jobs                2        0s
2016-11-30 17:51:16,380 INFO  c.c.d.collector.CollectorTask - New builds              0        0s
2016-11-30 17:51:16,380 INFO  c.c.d.collector.CollectorTask - Finished                         0s
2016-11-30 17:51:16,386 INFO  c.c.d.collector.CollectorTask - -----------------------------------
2016-11-30 17:51:16,386 INFO  c.c.d.collector.CollectorTask - server1
2016-11-30 17:51:16,386 INFO  c.c.d.collector.CollectorTask - -----------------------------------
2016-11-30 17:51:16,387 INFO  c.c.d.collector.CollectorTask - Fetched jobs                     0s
2016-11-30 17:51:16,387 INFO  c.c.d.collector.CollectorTask - New jobs                1        0s
2016-11-30 17:51:16,387 INFO  c.c.d.collector.CollectorTask - New builds              0        0s
2016-11-30 17:51:16,387 INFO  c.c.d.collector.CollectorTask - Finished                         0s
2016-11-30 17:51:16,389 INFO  c.c.d.collector.CollectorTask - -----------------------------------
2016-11-30 17:51:16,390 INFO  c.c.d.collector.CollectorTask - server1
2016-11-30 17:51:16,390 INFO  c.c.d.collector.CollectorTask - -----------------------------------
2016-11-30 17:51:16,390 INFO  c.c.d.collector.CollectorTask - Fetched jobs                     0s
2016-11-30 17:51:16,390 INFO  c.c.d.collector.CollectorTask - New jobs                1        0s
2016-11-30 17:51:16,391 INFO  c.c.d.collector.CollectorTask - New builds              1        0s
2016-11-30 17:51:16,391 INFO  c.c.d.collector.CollectorTask - Finished                         0s
2016-11-30 17:51:16,401 INFO  c.c.d.collector.CollectorTask - -----------------------------------
2016-11-30 17:51:16,401 INFO  c.c.d.collector.CollectorTask - server1
2016-11-30 17:51:16,402 INFO  c.c.d.collector.CollectorTask - -----------------------------------
2016-11-30 17:51:16,403 INFO  c.c.d.collector.CollectorTask - Fetched jobs                     0s
2016-11-30 17:51:16,403 INFO  c.c.d.collector.CollectorTask - New jobs                0        0s
2016-11-30 17:51:16,403 INFO  c.c.d.collector.CollectorTask - New builds              0        0s
2016-11-30 17:51:16,403 INFO  c.c.d.collector.CollectorTask - Finished                         0s
